[debug] [2024-04-06T21:33:11.756Z] ----------------------------------------------------------------------
[debug] [2024-04-06T21:33:11.760Z] Command:       C:\Program Files\nodejs\node.exe C:\Users\NCS\AppData\Roaming\npm\node_modules\firebase-tools\lib\bin\firebase.js init
[debug] [2024-04-06T21:33:11.760Z] CLI Version:   13.7.1
[debug] [2024-04-06T21:33:11.760Z] Platform:      win32
[debug] [2024-04-06T21:33:11.761Z] Node Version:  v20.12.0
[debug] [2024-04-06T21:33:11.761Z] Time:          Sun Apr 07 2024 03:03:11 GMT+0530 (India Standard Time)
[debug] [2024-04-06T21:33:11.761Z] ----------------------------------------------------------------------
[debug] 
[debug] [2024-04-06T21:33:11.769Z] > command requires scopes: ["email","openid","https://www.googleapis.com/auth/cloudplatformprojects.readonly","https://www.googleapis.com/auth/firebase","https://www.googleapis.com/auth/cloud-platform"]
[debug] [2024-04-06T21:33:11.770Z] > authorizing via signed-in user (ashnaalnisa6@gmail.com)
[info] 
     ######## #### ########  ######## ########     ###     ######  ########
     ##        ##  ##     ## ##       ##     ##  ##   ##  ##       ##
     ######    ##  ########  ######   ########  #########  ######  ######
     ##        ##  ##    ##  ##       ##     ## ##     ##       ## ##
     ##       #### ##     ## ######## ########  ##     ##  ######  ########

You're about to initialize a Firebase project in this directory:

  C:\Users\NCS\Desktop\WT Projects\Portfolio

[info] 
=== Project Setup
[info] 
[info] First, let's associate this project directory with a Firebase project.
[info] You can create multiple project aliases by running firebase use --add, 
[info] but for now we'll just set up a default project.
[info] 
[debug] [2024-04-06T21:34:11.989Z] >>> [apiv2][query] GET https://firebase.googleapis.com/v1beta1/projects pageSize=100
[debug] [2024-04-06T21:34:12.951Z] <<< [apiv2][status] GET https://firebase.googleapis.com/v1beta1/projects 200
[debug] [2024-04-06T21:34:12.952Z] <<< [apiv2][body] GET https://firebase.googleapis.com/v1beta1/projects [omitted]
[info] i  Using project ashnaportfolio-8277a (ashnaportfolio) 
[info] 
=== Hosting Setup
[debug] [2024-04-06T21:34:25.450Z] >>> [apiv2][query] GET https://firebase.googleapis.com/v1beta1/projects/ashnaportfolio-8277a [none]
[debug] [2024-04-06T21:34:26.096Z] <<< [apiv2][status] GET https://firebase.googleapis.com/v1beta1/projects/ashnaportfolio-8277a 200
[debug] [2024-04-06T21:34:26.096Z] <<< [apiv2][body] GET https://firebase.googleapis.com/v1beta1/projects/ashnaportfolio-8277a {"projectId":"ashnaportfolio-8277a","projectNumber":"9757311532","displayName":"ashnaportfolio","name":"projects/ashnaportfolio-8277a","resources":{"hostingSite":"ashnaportfolio-8277a"},"state":"ACTIVE","etag":"1_cc9b9a32-259b-4dc5-8ebb-c20b54d6c3a8"}
[info] 
[info] Your public directory is the folder (relative to your project directory) that
[info] will contain Hosting assets to be uploaded with firebase deploy. If you
[info] have a build process for your assets, use your build's output directory.
[info] 
[info] +  Wrote y/404.html 
[debug] [2024-04-06T21:36:46.392Z] >>> [apiv2][query] GET https://www.gstatic.com/firebasejs/releases.json [none]
[debug] [2024-04-06T21:36:46.511Z] <<< [apiv2][status] GET https://www.gstatic.com/firebasejs/releases.json 200
[debug] [2024-04-06T21:36:46.511Z] <<< [apiv2][body] GET https://www.gstatic.com/firebasejs/releases.json {"current":{"version":"10.10.0","browserURL":"https://www.gstatic.com/firebasejs/10.10.0/firebase.js","packageURL":"https://www.gstatic.com/firebasejs/10.10.0/firebase.tgz"},"live":{"version":"10.10","browserURL":"https://www.gstatic.com/firebasejs/live/10.10/firebase.js","packageURL":"https://www.gstatic.com/firebasejs/live/10.10/firebase.tgz"},"components":{"analytics":"https://www.gstatic.com/firebasejs/10.10.0/firebase-analytics.js","app":"https://www.gstatic.com/firebasejs/10.10.0/firebase-app.js","app-check":"https://www.gstatic.com/firebasejs/10.10.0/firebase-app-check.js","auth":"https://www.gstatic.com/firebasejs/10.10.0/firebase-auth.js","auth/cordova":"https://www.gstatic.com/firebasejs/10.10.0/firebase-auth/cordova.js","auth/web-extension":"https://www.gstatic.com/firebasejs/10.10.0/firebase-auth/web-extension.js","functions":"https://www.gstatic.com/firebasejs/10.10.0/firebase-functions.js","firestore":"https://www.gstatic.com/firebasejs/10.10.0/firebase-firestore.js","firestore/lite":"https://www.gstatic.com/firebasejs/10.10.0/firebase-firestore/lite.js","installations":"https://www.gstatic.com/firebasejs/10.10.0/firebase-installations.js","storage":"https://www.gstatic.com/firebasejs/10.10.0/firebase-storage.js","performance":"https://www.gstatic.com/firebasejs/10.10.0/firebase-performance.js","remote-config":"https://www.gstatic.com/firebasejs/10.10.0/firebase-remote-config.js","messaging":"https://www.gstatic.com/firebasejs/10.10.0/firebase-messaging.js","messaging/sw":"https://www.gstatic.com/firebasejs/10.10.0/firebase-messaging/sw.js","database":"https://www.gstatic.com/firebasejs/10.10.0/firebase-database.js","firestore.memory":"https://www.gstatic.com/firebasejs/10.10.0/firebase-firestore.memory.js"}}
[info] +  Wrote y/index.html 
[info] 
[info] i  Writing configuration info to firebase.json... 
[info] i  Writing project information to .firebaserc... 
[info] i  Writing gitignore file to .gitignore... 
[info] 
[info] +  Firebase initialization complete! 
